# JRE version: OpenJDK Runtime Environment (21.0.3) (build 21.0.3+-12282718-b509.11)
# Java VM: OpenJDK 64-Bit Server VM (21.0.3+-12282718-b509.11, mixed mode, tiered, compressed oops, compressed class ptrs, g1 gc, windows-amd64)
GC Precious Log:
 CardTable entry size: 512
 Card Set container configuration: InlinePtr #cards 4 size 8 Array Of Cards #cards 16 size 48 Howl #buckets 8 coarsen threshold 3686 Howl Bitmap #cards 512 size 80 coarsen threshold 460 Card regions per heap region 1 cards per card region 4096
 CPUs: 4 total, 4 available
 Memory: 12264M
 Large Page Support: Disabled
 NUMA Support: Disabled
 Compressed Oops: Enabled (Zero based)
 Heap Region Size: 2M
 Heap Min Capacity: 8M
 Heap Initial Capacity: 192M
 Heap Max Capacity: 3068M
 Pre-touch: Disabled
 Parallel Workers: 4
 Concurrent Workers: 1
 Concurrent Refinement Workers: 4
 Periodic GC: Disabled
Heap:
 garbage-first heap   total 176128K, used 108311K [0x0000000740400000, 0x0000000800000000)
  region size 2048K, 9 young (18432K), 4 survivors (8192K)
 Metaspace       used 68749K, committed 69120K, reserved 1114112K
  class space    used 7463K, committed 7680K, reserved 1048576K
GC Heap History (20 events):
Event: 70.338 GC heap before
{Heap before GC invocations=16 (full 0):
 garbage-first heap   total 79872K, used 67584K [0x0000000740400000, 0x0000000800000000)
  region size 2048K, 11 young (22528K), 2 survivors (4096K)
 Metaspace       used 53895K, committed 54144K, reserved 1114112K
  class space    used 6207K, committed 6336K, reserved 1048576K
}
Event: 70.394 GC heap after
{Heap after GC invocations=17 (full 0):
 garbage-first heap   total 79872K, used 53971K [0x0000000740400000, 0x0000000800000000)
  region size 2048K, 2 young (4096K), 2 survivors (4096K)
 Metaspace       used 53895K, committed 54144K, reserved 1114112K
  class space    used 6207K, committed 6336K, reserved 1048576K
}
Event: 74.997 GC heap before
{Heap before GC invocations=18 (full 0):
 garbage-first heap   total 100352K, used 66259K [0x0000000740400000, 0x0000000800000000)
  region size 2048K, 9 young (18432K), 2 survivors (4096K)
 Metaspace       used 56699K, committed 57024K, reserved 1114112K
  class space    used 6531K, committed 6656K, reserved 1048576K
}
Event: 75.065 GC heap after
{Heap after GC invocations=19 (full 0):
 garbage-first heap   total 100352K, used 56356K [0x0000000740400000, 0x0000000800000000)
  region size 2048K, 1 young (2048K), 1 survivors (2048K)
 Metaspace       used 56699K, committed 57024K, reserved 1114112K
  class space    used 6531K, committed 6656K, reserved 1048576K
}
Event: 84.605 GC heap before
{Heap before GC invocations=19 (full 0):
 garbage-first heap   total 100352K, used 82980K [0x0000000740400000, 0x0000000800000000)
  region size 2048K, 14 young (28672K), 1 survivors (2048K)
 Metaspace       used 60321K, committed 60608K, reserved 1114112K
  class space    used 6955K, committed 7104K, reserved 1048576K
}
Event: 84.643 GC heap after
{Heap after GC invocations=20 (full 0):
 garbage-first heap   total 100352K, used 60453K [0x0000000740400000, 0x0000000800000000)
  region size 2048K, 2 young (4096K), 2 survivors (4096K)
 Metaspace       used 60321K, committed 60608K, reserved 1114112K
  class space    used 6955K, committed 7104K, reserved 1048576K
}
Event: 95.620 GC heap before
{Heap before GC invocations=20 (full 0):
 garbage-first heap   total 100352K, used 85029K [0x0000000740400000, 0x0000000800000000)
  region size 2048K, 14 young (28672K), 2 survivors (4096K)
 Metaspace       used 61222K, committed 61504K, reserved 1114112K
  class space    used 6998K, committed 7104K, reserved 1048576K
}
Event: 95.674 GC heap after
{Heap after GC invocations=21 (full 0):
 garbage-first heap   total 100352K, used 66037K [0x0000000740400000, 0x0000000800000000)
  region size 2048K, 2 young (4096K), 2 survivors (4096K)
 Metaspace       used 61222K, committed 61504K, reserved 1114112K
  class space    used 6998K, committed 7104K, reserved 1048576K
}
Event: 100.504 GC heap before
{Heap before GC invocations=22 (full 0):
 garbage-first heap   total 116736K, used 86517K [0x0000000740400000, 0x0000000800000000)
  region size 2048K, 12 young (24576K), 2 survivors (4096K)
 Metaspace       used 61887K, committed 62208K, reserved 1114112K
  class space    used 7040K, committed 7168K, reserved 1048576K
}
Event: 100.573 GC heap after
{Heap after GC invocations=23 (full 0):
 garbage-first heap   total 116736K, used 71314K [0x0000000740400000, 0x0000000800000000)
  region size 2048K, 2 young (4096K), 2 survivors (4096K)
 Metaspace       used 61887K, committed 62208K, reserved 1114112K
  class space    used 7040K, committed 7168K, reserved 1048576K
}
Event: 106.947 GC heap before
{Heap before GC invocations=23 (full 0):
 garbage-first heap   total 116736K, used 99986K [0x0000000740400000, 0x0000000800000000)
  region size 2048K, 16 young (32768K), 2 survivors (4096K)
 Metaspace       used 62856K, committed 63168K, reserved 1114112K
  class space    used 7084K, committed 7232K, reserved 1048576K
}
Event: 107.001 GC heap after
{Heap after GC invocations=24 (full 0):
 garbage-first heap   total 116736K, used 76658K [0x0000000740400000, 0x0000000800000000)
  region size 2048K, 2 young (4096K), 2 survivors (4096K)
 Metaspace       used 62856K, committed 63168K, reserved 1114112K
  class space    used 7084K, committed 7232K, reserved 1048576K
}
Event: 112.030 GC heap before
{Heap before GC invocations=24 (full 0):
 garbage-first heap   total 116736K, used 101234K [0x0000000740400000, 0x0000000800000000)
  region size 2048K, 14 young (28672K), 2 survivors (4096K)
 Metaspace       used 63410K, committed 63680K, reserved 1114112K
  class space    used 7100K, committed 7232K, reserved 1048576K
}
Event: 112.076 GC heap after
{Heap after GC invocations=25 (full 0):
 garbage-first heap   total 116736K, used 81920K [0x0000000740400000, 0x0000000800000000)
  region size 2048K, 2 young (4096K), 2 survivors (4096K)
 Metaspace       used 63410K, committed 63680K, reserved 1114112K
  class space    used 7100K, committed 7232K, reserved 1048576K
}
Event: 115.733 GC heap before
{Heap before GC invocations=26 (full 0):
 garbage-first heap   total 141312K, used 102400K [0x0000000740400000, 0x0000000800000000)
  region size 2048K, 12 young (24576K), 2 survivors (4096K)
 Metaspace       used 64018K, committed 64320K, reserved 1114112K
  class space    used 7120K, committed 7232K, reserved 1048576K
}
Event: 115.767 GC heap after
{Heap after GC invocations=27 (full 0):
 garbage-first heap   total 169984K, used 84863K [0x0000000740400000, 0x0000000800000000)
  region size 2048K, 2 young (4096K), 2 survivors (4096K)
 Metaspace       used 64018K, committed 64320K, reserved 1114112K
  class space    used 7120K, committed 7232K, reserved 1048576K
}
Event: 127.369 GC heap before
{Heap before GC invocations=27 (full 0):
 garbage-first heap   total 169984K, used 142207K [0x0000000740400000, 0x0000000800000000)
  region size 2048K, 30 young (61440K), 2 survivors (4096K)
 Metaspace       used 65980K, committed 66304K, reserved 1114112K
  class space    used 7268K, committed 7424K, reserved 1048576K
}
Event: 127.443 GC heap after
{Heap after GC invocations=28 (full 0):
 garbage-first heap   total 169984K, used 91858K [0x0000000740400000, 0x0000000800000000)
  region size 2048K, 4 young (8192K), 4 survivors (8192K)
 Metaspace       used 65980K, committed 66304K, reserved 1114112K
  class space    used 7268K, committed 7424K, reserved 1048576K
}
Event: 140.846 GC heap before
{Heap before GC invocations=28 (full 0):
 garbage-first heap   total 169984K, used 141010K [0x0000000740400000, 0x0000000800000000)
  region size 2048K, 28 young (57344K), 4 survivors (8192K)
 Metaspace       used 68707K, committed 69120K, reserved 1114112K
  class space    used 7461K, committed 7680K, reserved 1048576K
}
Event: 140.919 GC heap after
{Heap after GC invocations=29 (full 0):
 garbage-first heap   total 169984K, used 100119K [0x0000000740400000, 0x0000000800000000)
  region size 2048K, 4 young (8192K), 4 survivors (8192K)
 Metaspace       used 68707K, committed 69120K, reserved 1114112K
  class space    used 7461K, committed 7680K, reserved 1048576K
}

